# JRE version: OpenJDK Runtime Environment (11.0.4+10) (build 11.0.4+10-b304.77)
# Java VM: OpenJDK 64-Bit Server VM (11.0.4+10-b304.77, mixed mode, sharing, tiered, compressed oops, g1 gc, windows-amd64)
Heap:
 garbage-first heap   total 95232K, used 34213K [0x00000000c1c00000, 0x0000000100000000)
  region size 1024K, 18 young (18432K), 3 survivors (3072K)
 Metaspace       used 36871K, capacity 38198K, committed 38400K, reserved 1081344K
  class space    used 5063K, capacity 5595K, committed 5632K, reserved 1048576K
GC Heap History (10 events):
Event: 4.559 GC heap before
{Heap before GC invocations=9 (full 0):
 garbage-first heap   total 78848K, used 50386K [0x00000000c1c00000, 0x0000000100000000)
  region size 1024K, 38 young (38912K), 2 survivors (2048K)
 Metaspace       used 22536K, capacity 23425K, committed 23680K, reserved 1069056K
  class space    used 3048K, capacity 3408K, committed 3456K, reserved 1048576K
}
Event: 4.566 GC heap after
{Heap after GC invocations=10 (full 0):
 garbage-first heap   total 78848K, used 14804K [0x00000000c1c00000, 0x0000000100000000)
  region size 1024K, 3 young (3072K), 3 survivors (3072K)
 Metaspace       used 22536K, capacity 23425K, committed 23680K, reserved 1069056K
  class space    used 3048K, capacity 3408K, committed 3456K, reserved 1048576K
}
Event: 5.334 GC heap before
{Heap before GC invocations=10 (full 0):
 garbage-first heap   total 78848K, used 53716K [0x00000000c1c00000, 0x0000000100000000)
  region size 1024K, 41 young (41984K), 3 survivors (3072K)
 Metaspace       used 26645K, capacity 27797K, committed 28032K, reserved 1073152K
  class space    used 3679K, capacity 4134K, committed 4224K, reserved 1048576K
}
Event: 5.346 GC heap after
{Heap after GC invocations=11 (full 0):
 garbage-first heap   total 78848K, used 17383K [0x00000000c1c00000, 0x0000000100000000)
  region size 1024K, 6 young (6144K), 6 survivors (6144K)
 Metaspace       used 26645K, capacity 27797K, committed 28032K, reserved 1073152K
  class space    used 3679K, capacity 4134K, committed 4224K, reserved 1048576K
}
Event: 5.603 GC heap before
{Heap before GC invocations=11 (full 0):
 garbage-first heap   total 78848K, used 55271K [0x00000000c1c00000, 0x0000000100000000)
  region size 1024K, 44 young (45056K), 6 survivors (6144K)
 Metaspace       used 28306K, capacity 29470K, committed 29696K, reserved 1075200K
  class space    used 3836K, capacity 4307K, committed 4352K, reserved 1048576K
}
Event: 5.616 GC heap after
{Heap after GC invocations=12 (full 0):
 garbage-first heap   total 78848K, used 18589K [0x00000000c1c00000, 0x0000000100000000)
  region size 1024K, 4 young (4096K), 4 survivors (4096K)
 Metaspace       used 28306K, capacity 29470K, committed 29696K, reserved 1075200K
  class space    used 3836K, capacity 4307K, committed 4352K, reserved 1048576K
}
Event: 6.327 GC heap before
{Heap before GC invocations=12 (full 0):
 garbage-first heap   total 78848K, used 56477K [0x00000000c1c00000, 0x0000000100000000)
  region size 1024K, 42 young (43008K), 4 survivors (4096K)
 Metaspace       used 31385K, capacity 32578K, committed 32640K, reserved 1077248K
  class space    used 4252K, capacity 4726K, committed 4736K, reserved 1048576K
}
Event: 6.336 GC heap after
{Heap after GC invocations=13 (full 0):
 garbage-first heap   total 95232K, used 19484K [0x00000000c1c00000, 0x0000000100000000)
  region size 1024K, 3 young (3072K), 3 survivors (3072K)
 Metaspace       used 31385K, capacity 32578K, committed 32640K, reserved 1077248K
  class space    used 4252K, capacity 4726K, committed 4736K, reserved 1048576K
}
Event: 7.162 GC heap before
{Heap before GC invocations=13 (full 0):
 garbage-first heap   total 95232K, used 33820K [0x00000000c1c00000, 0x0000000100000000)
  region size 1024K, 18 young (18432K), 3 survivors (3072K)
 Metaspace       used 34528K, capacity 35781K, committed 35840K, reserved 1079296K
  class space    used 4809K, capacity 5324K, committed 5376K, reserved 1048576K
}
Event: 7.169 GC heap after
{Heap after GC invocations=14 (full 0):
 garbage-first heap   total 95232K, used 19877K [0x00000000c1c00000, 0x0000000100000000)
  region size 1024K, 3 young (3072K), 3 survivors (3072K)
 Metaspace       used 34528K, capacity 35781K, committed 35840K, reserved 1079296K
  class space    used 4809K, capacity 5324K, committed 5376K, reserved 1048576K
}

