# JRE version: OpenJDK Runtime Environment (11.0.4+10) (build 11.0.4+10-b304.77)
# Java VM: OpenJDK 64-Bit Server VM (11.0.4+10-b304.77, mixed mode, sharing, tiered, compressed oops, g1 gc, windows-amd64)
Heap:
 garbage-first heap   total 114688K, used 27909K [0x00000000c1c00000, 0x0000000100000000)
  region size 1024K, 5 young (5120K), 5 survivors (5120K)
 Metaspace       used 50916K, capacity 52545K, committed 52608K, reserved 1093632K
  class space    used 7102K, capacity 7764K, committed 7808K, reserved 1048576K
GC Heap History (10 events):
Event: 7.003 GC heap after
{Heap after GC invocations=10 (full 0):
 garbage-first heap   total 78848K, used 17735K [0x00000000c1c00000, 0x0000000100000000)
  region size 1024K, 5 young (5120K), 5 survivors (5120K)
 Metaspace       used 28151K, capacity 29348K, committed 29440K, reserved 1075200K
  class space    used 3817K, capacity 4272K, committed 4352K, reserved 1048576K
}
Event: 7.058 GC heap before
{Heap before GC invocations=10 (full 0):
 garbage-first heap   total 78848K, used 58695K [0x00000000c1c00000, 0x0000000100000000)
  region size 1024K, 46 young (47104K), 5 survivors (5120K)
 Metaspace       used 28284K, capacity 29412K, committed 29696K, reserved 1075200K
  class space    used 3831K, capacity 4272K, committed 4352K, reserved 1048576K
}
Event: 7.075 GC heap after
{Heap after GC invocations=11 (full 0):
 garbage-first heap   total 95232K, used 18272K [0x00000000c1c00000, 0x0000000100000000)
  region size 1024K, 4 young (4096K), 4 survivors (4096K)
 Metaspace       used 28284K, capacity 29412K, committed 29696K, reserved 1075200K
  class space    used 3831K, capacity 4272K, committed 4352K, reserved 1048576K
}
Event: 8.860 GC heap before
{Heap before GC invocations=11 (full 0):
 garbage-first heap   total 95232K, used 55136K [0x00000000c1c00000, 0x0000000100000000)
  region size 1024K, 41 young (41984K), 4 survivors (4096K)
 Metaspace       used 34493K, capacity 35755K, committed 35840K, reserved 1079296K
  class space    used 4804K, capacity 5321K, committed 5376K, reserved 1048576K
}
Event: 8.873 GC heap after
{Heap after GC invocations=12 (full 0):
 garbage-first heap   total 95232K, used 19507K [0x00000000c1c00000, 0x0000000100000000)
  region size 1024K, 5 young (5120K), 5 survivors (5120K)
 Metaspace       used 34493K, capacity 35755K, committed 35840K, reserved 1079296K
  class space    used 4804K, capacity 5321K, committed 5376K, reserved 1048576K
}
Event: 10.517 GC heap before
{Heap before GC invocations=13 (full 0):
 garbage-first heap   total 95232K, used 67635K [0x00000000c1c00000, 0x0000000100000000)
  region size 1024K, 53 young (54272K), 5 survivors (5120K)
 Metaspace       used 43163K, capacity 44473K, committed 44672K, reserved 1087488K
  class space    used 5983K, capacity 6491K, committed 6528K, reserved 1048576K
}
Event: 10.538 GC heap after
{Heap after GC invocations=14 (full 0):
 garbage-first heap   total 95232K, used 23114K [0x00000000c1c00000, 0x0000000100000000)
  region size 1024K, 6 young (6144K), 6 survivors (6144K)
 Metaspace       used 43163K, capacity 44473K, committed 44672K, reserved 1087488K
  class space    used 5983K, capacity 6491K, committed 6528K, reserved 1048576K
}
Event: 12.132 GC heap before
{Heap before GC invocations=14 (full 0):
 garbage-first heap   total 95232K, used 70218K [0x00000000c1c00000, 0x0000000100000000)
  region size 1024K, 53 young (54272K), 6 survivors (6144K)
 Metaspace       used 48231K, capacity 49808K, committed 49920K, reserved 1091584K
  class space    used 6717K, capacity 7347K, committed 7424K, reserved 1048576K
}
Event: 12.147 GC heap after
{Heap after GC invocations=15 (full 0):
 garbage-first heap   total 95232K, used 25925K [0x00000000c1c00000, 0x0000000100000000)
  region size 1024K, 3 young (3072K), 3 survivors (3072K)
 Metaspace       used 48231K, capacity 49808K, committed 49920K, reserved 1091584K
  class space    used 6717K, capacity 7347K, committed 7424K, reserved 1048576K
}
Event: 12.879 GC heap before
{Heap before GC invocations=15 (full 0):
 garbage-first heap   total 95232K, used 73029K [0x00000000c1c00000, 0x0000000100000000)
  region size 1024K, 49 young (50176K), 3 survivors (3072K)
 Metaspace       used 50916K, capacity 52545K, committed 52608K, reserved 1093632K
  class space    used 7102K, capacity 7764K, committed 7808K, reserved 1048576K
}

